INFO|2019-04-01 08:26:04,537|pysph.solver.application|Running on aws with address 172.17.0.6
INFO|2019-04-01 08:26:04,560|pysph.solver.application|Generating output in /opt/ml/model/Data_output
INFO|2019-04-01 08:26:08,615|pysph.solver.application|No of particles:
----------------------------------------------------------------------
  fluid: 7860
----------------------------------------------------------------------
INFO|2019-04-01 08:26:08,616|pysph.solver.application|Using kernel:
----------------------------------------------------------------------
  CubicSpline(dim=2)
----------------------------------------------------------------------
INFO|2019-04-01 08:26:08,616|pysph.solver.application|Using nnps:
----------------------------------------------------------------------
  LinkedListNNPS(dim=2)
----------------------------------------------------------------------
INFO|2019-04-01 08:26:08,616|pysph.solver.application|Using integrator:
----------------------------------------------------------------------
  EPECIntegrator(fluid=WCSPHStep())
----------------------------------------------------------------------
INFO|2019-04-01 08:26:08,616|pysph.solver.application|Using equations:
----------------------------------------------------------------------
[
Group(equations=[
TaitEOS(dest='fluid', sources=None, rho0=1.0, c0=1400.0, gamma=7.0, p0=0.0)
    ],
    real=False, update_nnps=False, iterate=False, max_iterations=1, min_iterations=0, pre=None, post=None),
Group(equations=[
ContinuityEquation(dest='fluid', sources=['fluid']),
MomentumEquation(dest='fluid', sources=['fluid'], c0=1400.0, alpha=0.1, beta=0.0, gx=0.0, gy=0.0, gz=0.0, tensile_correction=False),
XSPHCorrection(dest='fluid', sources=['fluid'], eps=0.0)
    ],
    real=True, update_nnps=False, iterate=False, max_iterations=1, min_iterations=0, pre=None, post=None)
]
----------------------------------------------------------------------
INFO|2019-04-01 08:26:08,690|pysph.solver.application|started multiprocessing interface on ('0.0.0.0', 8800)
INFO|2019-04-01 08:26:08,691|pysph.solver.application|Setup took: 4.15605 secs
INFO|2019-04-01 08:26:08,691|pysph.solver.solver|Writing output at time 0, iteration 0, dt = 5e-06
INFO|2019-04-01 08:26:08,934|pysph.solver.solver|Writing output at time 5e-05, iteration 10, dt = 5e-06
INFO|2019-04-01 08:26:09,088|pysph.solver.solver|Writing output at time 0.0001, iteration 20, dt = 5e-06
INFO|2019-04-01 08:26:09,186|pysph.solver.solver|Writing output at time 0.00015, iteration 30, dt = 5e-06
INFO|2019-04-01 08:26:09,281|pysph.solver.solver|Writing output at time 0.0002, iteration 40, dt = 5e-06
INFO|2019-04-01 08:26:09,381|pysph.solver.solver|Writing output at time 0.00025, iteration 50, dt = 5e-06
INFO|2019-04-01 08:26:09,484|pysph.solver.solver|Writing output at time 0.0003, iteration 60, dt = 5e-06
INFO|2019-04-01 08:26:09,579|pysph.solver.solver|Writing output at time 0.00035, iteration 70, dt = 5e-06
INFO|2019-04-01 08:26:09,676|pysph.solver.solver|Writing output at time 0.0004, iteration 80, dt = 5e-06
INFO|2019-04-01 08:26:09,778|pysph.solver.solver|Writing output at time 0.00045, iteration 90, dt = 5e-06
INFO|2019-04-01 08:26:09,871|pysph.solver.solver|Writing output at time 0.0005, iteration 100, dt = 5e-06
INFO|2019-04-01 08:26:09,964|pysph.solver.solver|Writing output at time 0.00055, iteration 110, dt = 5e-06
INFO|2019-04-01 08:26:10,053|pysph.solver.solver|Writing output at time 0.0006, iteration 120, dt = 5e-06
INFO|2019-04-01 08:26:10,145|pysph.solver.solver|Writing output at time 0.00065, iteration 130, dt = 5e-06
INFO|2019-04-01 08:26:10,233|pysph.solver.solver|Writing output at time 0.0007, iteration 140, dt = 5e-06
INFO|2019-04-01 08:26:10,329|pysph.solver.solver|Writing output at time 0.00075, iteration 150, dt = 5e-06
INFO|2019-04-01 08:26:10,422|pysph.solver.solver|Writing output at time 0.0008, iteration 160, dt = 5e-06
INFO|2019-04-01 08:26:10,516|pysph.solver.solver|Writing output at time 0.00085, iteration 170, dt = 5e-06
INFO|2019-04-01 08:26:10,607|pysph.solver.solver|Writing output at time 0.0009, iteration 180, dt = 5e-06
INFO|2019-04-01 08:26:10,699|pysph.solver.solver|Writing output at time 0.00095, iteration 190, dt = 5e-06
INFO|2019-04-01 08:26:10,789|pysph.solver.solver|Writing output at time 0.001, iteration 200, dt = 5e-06
INFO|2019-04-01 08:26:10,882|pysph.solver.solver|Writing output at time 0.00105, iteration 210, dt = 5e-06
INFO|2019-04-01 08:26:10,972|pysph.solver.solver|Writing output at time 0.0011, iteration 220, dt = 5e-06
INFO|2019-04-01 08:26:11,085|pysph.solver.solver|Writing output at time 0.00115, iteration 230, dt = 5e-06
INFO|2019-04-01 08:26:11,194|pysph.solver.solver|Writing output at time 0.0012, iteration 240, dt = 5e-06
INFO|2019-04-01 08:26:11,290|pysph.solver.solver|Writing output at time 0.00125, iteration 250, dt = 5e-06
INFO|2019-04-01 08:26:11,381|pysph.solver.solver|Writing output at time 0.0013, iteration 260, dt = 5e-06
INFO|2019-04-01 08:26:11,477|pysph.solver.solver|Writing output at time 0.00135, iteration 270, dt = 5e-06
INFO|2019-04-01 08:26:11,570|pysph.solver.solver|Writing output at time 0.0014, iteration 280, dt = 5e-06
INFO|2019-04-01 08:26:11,664|pysph.solver.solver|Writing output at time 0.00145, iteration 290, dt = 5e-06
INFO|2019-04-01 08:26:11,758|pysph.solver.solver|Writing output at time 0.0015, iteration 300, dt = 5e-06
INFO|2019-04-01 08:26:11,855|pysph.solver.solver|Writing output at time 0.00155, iteration 310, dt = 5e-06
INFO|2019-04-01 08:26:11,951|pysph.solver.solver|Writing output at time 0.0016, iteration 320, dt = 5e-06
INFO|2019-04-01 08:26:12,056|pysph.solver.solver|Writing output at time 0.00165, iteration 330, dt = 5e-06
INFO|2019-04-01 08:26:12,151|pysph.solver.solver|Writing output at time 0.0017, iteration 340, dt = 5e-06
INFO|2019-04-01 08:26:12,248|pysph.solver.solver|Writing output at time 0.00175, iteration 350, dt = 5e-06
INFO|2019-04-01 08:26:12,342|pysph.solver.solver|Writing output at time 0.0018, iteration 360, dt = 5e-06
INFO|2019-04-01 08:26:12,442|pysph.solver.solver|Writing output at time 0.00185, iteration 370, dt = 5e-06
INFO|2019-04-01 08:26:12,536|pysph.solver.solver|Writing output at time 0.0019, iteration 380, dt = 5e-06
INFO|2019-04-01 08:26:12,628|pysph.solver.solver|Writing output at time 0.00195, iteration 390, dt = 5e-06
INFO|2019-04-01 08:26:12,719|pysph.solver.solver|Writing output at time 0.002, iteration 400, dt = 5e-06
INFO|2019-04-01 08:26:12,810|pysph.solver.solver|Writing output at time 0.00205, iteration 410, dt = 5e-06
INFO|2019-04-01 08:26:12,919|pysph.solver.solver|Writing output at time 0.0021, iteration 420, dt = 5e-06
INFO|2019-04-01 08:26:13,010|pysph.solver.solver|Writing output at time 0.00215, iteration 430, dt = 5e-06
INFO|2019-04-01 08:26:13,097|pysph.solver.solver|Writing output at time 0.0022, iteration 440, dt = 5e-06
INFO|2019-04-01 08:26:13,208|pysph.solver.solver|Writing output at time 0.00225, iteration 450, dt = 5e-06
INFO|2019-04-01 08:26:13,297|pysph.solver.solver|Writing output at time 0.0023, iteration 460, dt = 5e-06
INFO|2019-04-01 08:26:13,390|pysph.solver.solver|Writing output at time 0.00235, iteration 470, dt = 5e-06
INFO|2019-04-01 08:26:13,478|pysph.solver.solver|Writing output at time 0.0024, iteration 480, dt = 5e-06
INFO|2019-04-01 08:26:13,567|pysph.solver.solver|Writing output at time 0.00245, iteration 490, dt = 5e-06
INFO|2019-04-01 08:26:13,654|pysph.solver.solver|Writing output at time 0.0025, iteration 500, dt = 5e-06
INFO|2019-04-01 08:26:13,743|pysph.solver.solver|Writing output at time 0.00255, iteration 510, dt = 5e-06
INFO|2019-04-01 08:26:13,831|pysph.solver.solver|Writing output at time 0.0026, iteration 520, dt = 5e-06
INFO|2019-04-01 08:26:13,920|pysph.solver.solver|Writing output at time 0.00265, iteration 530, dt = 5e-06
INFO|2019-04-01 08:26:14,010|pysph.solver.solver|Writing output at time 0.0027, iteration 540, dt = 5e-06
INFO|2019-04-01 08:26:14,095|pysph.solver.solver|Writing output at time 0.00275, iteration 550, dt = 5e-06
INFO|2019-04-01 08:26:14,179|pysph.solver.solver|Writing output at time 0.0028, iteration 560, dt = 5e-06
INFO|2019-04-01 08:26:14,264|pysph.solver.solver|Writing output at time 0.00285, iteration 570, dt = 5e-06
INFO|2019-04-01 08:26:14,350|pysph.solver.solver|Writing output at time 0.0029, iteration 580, dt = 5e-06
INFO|2019-04-01 08:26:14,436|pysph.solver.solver|Writing output at time 0.00295, iteration 590, dt = 5e-06
INFO|2019-04-01 08:26:14,521|pysph.solver.solver|Writing output at time 0.003, iteration 600, dt = 5e-06
INFO|2019-04-01 08:26:14,606|pysph.solver.solver|Writing output at time 0.00305, iteration 610, dt = 5e-06
INFO|2019-04-01 08:26:14,692|pysph.solver.solver|Writing output at time 0.0031, iteration 620, dt = 5e-06
INFO|2019-04-01 08:26:14,779|pysph.solver.solver|Writing output at time 0.00315, iteration 630, dt = 5e-06
INFO|2019-04-01 08:26:14,902|pysph.solver.solver|Writing output at time 0.0032, iteration 640, dt = 5e-06
INFO|2019-04-01 08:26:14,989|pysph.solver.solver|Writing output at time 0.00325, iteration 650, dt = 5e-06
INFO|2019-04-01 08:26:15,089|pysph.solver.solver|Writing output at time 0.0033, iteration 660, dt = 5e-06
INFO|2019-04-01 08:26:15,176|pysph.solver.solver|Writing output at time 0.00335, iteration 670, dt = 5e-06
INFO|2019-04-01 08:26:15,279|pysph.solver.solver|Writing output at time 0.0034, iteration 680, dt = 5e-06
INFO|2019-04-01 08:26:15,394|pysph.solver.solver|Writing output at time 0.00345, iteration 690, dt = 5e-06
INFO|2019-04-01 08:26:15,480|pysph.solver.solver|Writing output at time 0.0035, iteration 700, dt = 5e-06
INFO|2019-04-01 08:26:15,566|pysph.solver.solver|Writing output at time 0.00355, iteration 710, dt = 5e-06
INFO|2019-04-01 08:26:15,653|pysph.solver.solver|Writing output at time 0.0036, iteration 720, dt = 5e-06
INFO|2019-04-01 08:26:15,743|pysph.solver.solver|Writing output at time 0.00365, iteration 730, dt = 5e-06
INFO|2019-04-01 08:26:15,826|pysph.solver.solver|Writing output at time 0.0037, iteration 740, dt = 5e-06
INFO|2019-04-01 08:26:15,912|pysph.solver.solver|Writing output at time 0.00375, iteration 750, dt = 5e-06
INFO|2019-04-01 08:26:15,997|pysph.solver.solver|Writing output at time 0.0038, iteration 760, dt = 5e-06
INFO|2019-04-01 08:26:16,084|pysph.solver.solver|Writing output at time 0.00385, iteration 770, dt = 5e-06
INFO|2019-04-01 08:26:16,169|pysph.solver.solver|Writing output at time 0.0039, iteration 780, dt = 5e-06
INFO|2019-04-01 08:26:16,258|pysph.solver.solver|Writing output at time 0.00395, iteration 790, dt = 5e-06
INFO|2019-04-01 08:26:16,342|pysph.solver.solver|Writing output at time 0.004, iteration 800, dt = 5e-06
INFO|2019-04-01 08:26:16,434|pysph.solver.solver|Writing output at time 0.00405, iteration 810, dt = 5e-06
INFO|2019-04-01 08:26:16,520|pysph.solver.solver|Writing output at time 0.0041, iteration 820, dt = 5e-06
INFO|2019-04-01 08:26:16,606|pysph.solver.solver|Writing output at time 0.00415, iteration 830, dt = 5e-06
INFO|2019-04-01 08:26:16,693|pysph.solver.solver|Writing output at time 0.0042, iteration 840, dt = 5e-06
INFO|2019-04-01 08:26:16,781|pysph.solver.solver|Writing output at time 0.00425, iteration 850, dt = 5e-06
INFO|2019-04-01 08:26:16,868|pysph.solver.solver|Writing output at time 0.0043, iteration 860, dt = 5e-06
INFO|2019-04-01 08:26:16,956|pysph.solver.solver|Writing output at time 0.00435, iteration 870, dt = 5e-06
INFO|2019-04-01 08:26:17,042|pysph.solver.solver|Writing output at time 0.0044, iteration 880, dt = 5e-06
INFO|2019-04-01 08:26:17,130|pysph.solver.solver|Writing output at time 0.00445, iteration 890, dt = 5e-06
INFO|2019-04-01 08:26:17,218|pysph.solver.solver|Writing output at time 0.0045, iteration 900, dt = 5e-06
INFO|2019-04-01 08:26:17,305|pysph.solver.solver|Writing output at time 0.00455, iteration 910, dt = 5e-06
INFO|2019-04-01 08:26:17,439|pysph.solver.solver|Writing output at time 0.0046, iteration 920, dt = 5e-06
INFO|2019-04-01 08:26:17,529|pysph.solver.solver|Writing output at time 0.00465, iteration 930, dt = 5e-06
INFO|2019-04-01 08:26:17,618|pysph.solver.solver|Writing output at time 0.0047, iteration 940, dt = 5e-06
INFO|2019-04-01 08:26:17,709|pysph.solver.solver|Writing output at time 0.00475, iteration 950, dt = 5e-06
INFO|2019-04-01 08:26:17,799|pysph.solver.solver|Writing output at time 0.0048, iteration 960, dt = 5e-06
INFO|2019-04-01 08:26:17,888|pysph.solver.solver|Writing output at time 0.00485, iteration 970, dt = 5e-06
INFO|2019-04-01 08:26:17,977|pysph.solver.solver|Writing output at time 0.0049, iteration 980, dt = 5e-06
INFO|2019-04-01 08:26:18,066|pysph.solver.solver|Writing output at time 0.00495, iteration 990, dt = 5e-06
INFO|2019-04-01 08:26:18,156|pysph.solver.solver|Writing output at time 0.005, iteration 1000, dt = 5e-06
INFO|2019-04-01 08:26:18,248|pysph.solver.solver|Writing output at time 0.00505, iteration 1010, dt = 5e-06
INFO|2019-04-01 08:26:18,336|pysph.solver.solver|Writing output at time 0.0051, iteration 1020, dt = 5e-06
INFO|2019-04-01 08:26:18,426|pysph.solver.solver|Writing output at time 0.00515, iteration 1030, dt = 5e-06
INFO|2019-04-01 08:26:18,514|pysph.solver.solver|Writing output at time 0.0052, iteration 1040, dt = 5e-06
INFO|2019-04-01 08:26:18,604|pysph.solver.solver|Writing output at time 0.00525, iteration 1050, dt = 5e-06
INFO|2019-04-01 08:26:18,692|pysph.solver.solver|Writing output at time 0.0053, iteration 1060, dt = 5e-06
INFO|2019-04-01 08:26:18,780|pysph.solver.solver|Writing output at time 0.00535, iteration 1070, dt = 5e-06
INFO|2019-04-01 08:26:18,870|pysph.solver.solver|Writing output at time 0.0054, iteration 1080, dt = 5e-06
INFO|2019-04-01 08:26:18,959|pysph.solver.solver|Writing output at time 0.00545, iteration 1090, dt = 5e-06
INFO|2019-04-01 08:26:19,053|pysph.solver.solver|Writing output at time 0.0055, iteration 1100, dt = 5e-06
INFO|2019-04-01 08:26:19,144|pysph.solver.solver|Writing output at time 0.00555, iteration 1110, dt = 5e-06
INFO|2019-04-01 08:26:19,233|pysph.solver.solver|Writing output at time 0.0056, iteration 1120, dt = 5e-06
INFO|2019-04-01 08:26:19,323|pysph.solver.solver|Writing output at time 0.00565, iteration 1130, dt = 5e-06
INFO|2019-04-01 08:26:19,429|pysph.solver.solver|Writing output at time 0.0057, iteration 1140, dt = 5e-06
INFO|2019-04-01 08:26:19,569|pysph.solver.solver|Writing output at time 0.00575, iteration 1150, dt = 5e-06
INFO|2019-04-01 08:26:19,663|pysph.solver.solver|Writing output at time 0.0058, iteration 1160, dt = 5e-06
INFO|2019-04-01 08:26:19,754|pysph.solver.solver|Writing output at time 0.00585, iteration 1170, dt = 5e-06
INFO|2019-04-01 08:26:19,846|pysph.solver.solver|Writing output at time 0.0059, iteration 1180, dt = 5e-06
INFO|2019-04-01 08:26:19,992|pysph.solver.solver|Writing output at time 0.00595, iteration 1190, dt = 5e-06
INFO|2019-04-01 08:26:20,088|pysph.solver.solver|Writing output at time 0.006, iteration 1200, dt = 5e-06
INFO|2019-04-01 08:26:20,183|pysph.solver.solver|Writing output at time 0.00605, iteration 1210, dt = 5e-06
INFO|2019-04-01 08:26:20,280|pysph.solver.solver|Writing output at time 0.0061, iteration 1220, dt = 5e-06
INFO|2019-04-01 08:26:20,375|pysph.solver.solver|Writing output at time 0.00615, iteration 1230, dt = 5e-06
INFO|2019-04-01 08:26:20,481|pysph.solver.solver|Writing output at time 0.0062, iteration 1240, dt = 5e-06
INFO|2019-04-01 08:26:20,577|pysph.solver.solver|Writing output at time 0.00625, iteration 1250, dt = 5e-06
INFO|2019-04-01 08:26:20,673|pysph.solver.solver|Writing output at time 0.0063, iteration 1260, dt = 5e-06
INFO|2019-04-01 08:26:20,771|pysph.solver.solver|Writing output at time 0.00635, iteration 1270, dt = 5e-06
INFO|2019-04-01 08:26:20,865|pysph.solver.solver|Writing output at time 0.0064, iteration 1280, dt = 5e-06
INFO|2019-04-01 08:26:20,959|pysph.solver.solver|Writing output at time 0.00645, iteration 1290, dt = 5e-06
INFO|2019-04-01 08:26:21,052|pysph.solver.solver|Writing output at time 0.0065, iteration 1300, dt = 5e-06
INFO|2019-04-01 08:26:21,147|pysph.solver.solver|Writing output at time 0.00655, iteration 1310, dt = 5e-06
INFO|2019-04-01 08:26:21,244|pysph.solver.solver|Writing output at time 0.0066, iteration 1320, dt = 5e-06
INFO|2019-04-01 08:26:21,336|pysph.solver.solver|Writing output at time 0.00665, iteration 1330, dt = 5e-06
INFO|2019-04-01 08:26:21,430|pysph.solver.solver|Writing output at time 0.0067, iteration 1340, dt = 5e-06
INFO|2019-04-01 08:26:21,525|pysph.solver.solver|Writing output at time 0.00675, iteration 1350, dt = 5e-06
INFO|2019-04-01 08:26:21,661|pysph.solver.solver|Writing output at time 0.0068, iteration 1360, dt = 5e-06
INFO|2019-04-01 08:26:21,755|pysph.solver.solver|Writing output at time 0.00685, iteration 1370, dt = 5e-06
INFO|2019-04-01 08:26:21,846|pysph.solver.solver|Writing output at time 0.0069, iteration 1380, dt = 5e-06
INFO|2019-04-01 08:26:21,954|pysph.solver.solver|Writing output at time 0.00695, iteration 1390, dt = 5e-06
INFO|2019-04-01 08:26:22,048|pysph.solver.solver|Writing output at time 0.007, iteration 1400, dt = 5e-06
INFO|2019-04-01 08:26:22,156|pysph.solver.solver|Writing output at time 0.00705, iteration 1410, dt = 5e-06
INFO|2019-04-01 08:26:22,252|pysph.solver.solver|Writing output at time 0.0071, iteration 1420, dt = 5e-06
INFO|2019-04-01 08:26:22,360|pysph.solver.solver|Writing output at time 0.00715, iteration 1430, dt = 5e-06
INFO|2019-04-01 08:26:22,456|pysph.solver.solver|Writing output at time 0.0072, iteration 1440, dt = 5e-06
INFO|2019-04-01 08:26:22,550|pysph.solver.solver|Writing output at time 0.00725, iteration 1450, dt = 5e-06
INFO|2019-04-01 08:26:22,643|pysph.solver.solver|Writing output at time 0.0073, iteration 1460, dt = 5e-06
INFO|2019-04-01 08:26:22,738|pysph.solver.solver|Writing output at time 0.00735, iteration 1470, dt = 5e-06
INFO|2019-04-01 08:26:22,830|pysph.solver.solver|Writing output at time 0.0074, iteration 1480, dt = 5e-06
INFO|2019-04-01 08:26:22,928|pysph.solver.solver|Writing output at time 0.00745, iteration 1490, dt = 5e-06
INFO|2019-04-01 08:26:23,020|pysph.solver.solver|Writing output at time 0.0075, iteration 1500, dt = 5e-06
INFO|2019-04-01 08:26:23,121|pysph.solver.solver|Writing output at time 0.00755, iteration 1510, dt = 5e-06
INFO|2019-04-01 08:26:23,215|pysph.solver.solver|Writing output at time 0.0076, iteration 1520, dt = 5e-06
INFO|2019-04-01 08:26:23,245|pysph.solver.application|Run took: 14.55425 secs
